<?xml version="1.0" encoding="UTF-8"?>
<!-- Generated by org.testng.reporters.JUnitReportReporter -->
<testsuite hostname="LS-TEC-LR0DW81Y" failures="0" tests="2" name="Delta_login.DeltaActions" time="16.914" errors="0" timestamp="2022-04-30T11:38:48 IST" skipped="0">
  <testcase classname="Delta_login.DeltaActions" name="GetShellSequence" time="10.624"/>
  <system-out/>
  <testcase classname="Delta_login.DeltaActions" name="InsideShellSequence" time="6.290"/>
  <system-out/>
</testsuite> <!-- Delta_login.DeltaActions -->
